[debug] [2023-07-29T19:13:03.652Z] ----------------------------------------------------------------------
[debug] [2023-07-29T19:13:03.654Z] Command:       /Users/ruaridhbell/.nvm/versions/node/v20.3.1/bin/node /Users/ruaridhbell/.nvm/versions/node/v20.3.1/bin/firebase deploy --only functions
[debug] [2023-07-29T19:13:03.654Z] CLI Version:   12.4.6
[debug] [2023-07-29T19:13:03.654Z] Platform:      darwin
[debug] [2023-07-29T19:13:03.655Z] Node Version:  v20.3.1
[debug] [2023-07-29T19:13:03.655Z] Time:          Sat Jul 29 2023 20:13:03 GMT+0100 (British Summer Time)
[debug] [2023-07-29T19:13:03.655Z] ----------------------------------------------------------------------
[debug] 
[debug] [2023-07-29T19:13:03.690Z] > command requires scopes: ["email","openid","https://www.googleapis.com/auth/cloudplatformprojects.readonly","https://www.googleapis.com/auth/firebase","https://www.googleapis.com/auth/cloud-platform"]
[debug] [2023-07-29T19:13:03.690Z] > authorizing via signed-in user (ruaridhbell73@googlemail.com)
[debug] [2023-07-29T19:13:03.690Z] [iam] checking project pocket-garage-70e50 for permissions ["cloudfunctions.functions.create","cloudfunctions.functions.delete","cloudfunctions.functions.get","cloudfunctions.functions.list","cloudfunctions.functions.update","cloudfunctions.operations.get","firebase.projects.get"]
[debug] [2023-07-29T19:13:03.691Z] >>> [apiv2][query] POST https://cloudresourcemanager.googleapis.com/v1/projects/pocket-garage-70e50:testIamPermissions [none]
[debug] [2023-07-29T19:13:03.691Z] >>> [apiv2][(partial)header] POST https://cloudresourcemanager.googleapis.com/v1/projects/pocket-garage-70e50:testIamPermissions x-goog-quota-user=projects/pocket-garage-70e50
[debug] [2023-07-29T19:13:03.691Z] >>> [apiv2][body] POST https://cloudresourcemanager.googleapis.com/v1/projects/pocket-garage-70e50:testIamPermissions {"permissions":["cloudfunctions.functions.create","cloudfunctions.functions.delete","cloudfunctions.functions.get","cloudfunctions.functions.list","cloudfunctions.functions.update","cloudfunctions.operations.get","firebase.projects.get"]}
[debug] [2023-07-29T19:13:04.357Z] <<< [apiv2][status] POST https://cloudresourcemanager.googleapis.com/v1/projects/pocket-garage-70e50:testIamPermissions 200
[debug] [2023-07-29T19:13:04.357Z] <<< [apiv2][body] POST https://cloudresourcemanager.googleapis.com/v1/projects/pocket-garage-70e50:testIamPermissions {"permissions":["cloudfunctions.functions.create","cloudfunctions.functions.delete","cloudfunctions.functions.get","cloudfunctions.functions.list","cloudfunctions.functions.update","cloudfunctions.operations.get","firebase.projects.get"]}
[debug] [2023-07-29T19:13:04.358Z] >>> [apiv2][query] POST https://iam.googleapis.com/v1/projects/pocket-garage-70e50/serviceAccounts/pocket-garage-70e50@appspot.gserviceaccount.com:testIamPermissions [none]
[debug] [2023-07-29T19:13:04.358Z] >>> [apiv2][body] POST https://iam.googleapis.com/v1/projects/pocket-garage-70e50/serviceAccounts/pocket-garage-70e50@appspot.gserviceaccount.com:testIamPermissions {"permissions":["iam.serviceAccounts.actAs"]}
[debug] [2023-07-29T19:13:04.932Z] <<< [apiv2][status] POST https://iam.googleapis.com/v1/projects/pocket-garage-70e50/serviceAccounts/pocket-garage-70e50@appspot.gserviceaccount.com:testIamPermissions 404
[debug] [2023-07-29T19:13:04.932Z] <<< [apiv2][body] POST https://iam.googleapis.com/v1/projects/pocket-garage-70e50/serviceAccounts/pocket-garage-70e50@appspot.gserviceaccount.com:testIamPermissions {"error":{"code":404,"message":"Unknown service account","status":"NOT_FOUND"}}
[debug] [2023-07-29T19:13:04.933Z] [functions] service account IAM check errored, deploy may fail: HTTP Error: 404, Unknown service account {"name":"FirebaseError","children":[],"context":{"body":{"error":{"code":404,"message":"Unknown service account","status":"NOT_FOUND"}},"response":{"statusCode":404}},"exit":1,"message":"HTTP Error: 404, Unknown service account","status":404}
[info] 
[info] === Deploying to 'pocket-garage-70e50'...
[info] 
[info] i  deploying functions 
[info] Running command: npm --prefix "$RESOURCE_DIR" run build
[info] ✔  functions: Finished running predeploy script. 
[debug] [2023-07-29T19:13:07.595Z] >>> [apiv2][query] GET https://firebase.googleapis.com/v1beta1/projects/pocket-garage-70e50 [none]
[debug] [2023-07-29T19:13:07.863Z] <<< [apiv2][status] GET https://firebase.googleapis.com/v1beta1/projects/pocket-garage-70e50 200
[debug] [2023-07-29T19:13:07.863Z] <<< [apiv2][body] GET https://firebase.googleapis.com/v1beta1/projects/pocket-garage-70e50 {"projectId":"pocket-garage-70e50","projectNumber":"1091684992494","displayName":"Pocket Garage","name":"projects/pocket-garage-70e50","resources":{"hostingSite":"pocket-garage-70e50"},"state":"ACTIVE","etag":"1_b5e07995-e632-4ec0-b78b-0b26087f8418"}
[info] i  functions: preparing codebase default for deployment 
[info] i  functions: ensuring required API cloudfunctions.googleapis.com is enabled... 
[info] i  functions: ensuring required API cloudbuild.googleapis.com is enabled... 
[info] i  artifactregistry: ensuring required API artifactregistry.googleapis.com is enabled... 
[debug] [2023-07-29T19:13:07.864Z] >>> [apiv2][query] GET https://serviceusage.googleapis.com/v1/projects/pocket-garage-70e50/services/cloudfunctions.googleapis.com [none]
[debug] [2023-07-29T19:13:07.864Z] >>> [apiv2][(partial)header] GET https://serviceusage.googleapis.com/v1/projects/pocket-garage-70e50/services/cloudfunctions.googleapis.com x-goog-quota-user=projects/pocket-garage-70e50
[debug] [2023-07-29T19:13:07.865Z] >>> [apiv2][query] GET https://serviceusage.googleapis.com/v1/projects/pocket-garage-70e50/services/runtimeconfig.googleapis.com [none]
[debug] [2023-07-29T19:13:07.865Z] >>> [apiv2][(partial)header] GET https://serviceusage.googleapis.com/v1/projects/pocket-garage-70e50/services/runtimeconfig.googleapis.com x-goog-quota-user=projects/pocket-garage-70e50
[debug] [2023-07-29T19:13:07.866Z] >>> [apiv2][query] GET https://serviceusage.googleapis.com/v1/projects/pocket-garage-70e50/services/cloudbuild.googleapis.com [none]
[debug] [2023-07-29T19:13:07.866Z] >>> [apiv2][(partial)header] GET https://serviceusage.googleapis.com/v1/projects/pocket-garage-70e50/services/cloudbuild.googleapis.com x-goog-quota-user=projects/pocket-garage-70e50
[debug] [2023-07-29T19:13:07.867Z] >>> [apiv2][query] GET https://serviceusage.googleapis.com/v1/projects/pocket-garage-70e50/services/artifactregistry.googleapis.com [none]
[debug] [2023-07-29T19:13:07.867Z] >>> [apiv2][(partial)header] GET https://serviceusage.googleapis.com/v1/projects/pocket-garage-70e50/services/artifactregistry.googleapis.com x-goog-quota-user=projects/pocket-garage-70e50
[debug] [2023-07-29T19:13:08.712Z] <<< [apiv2][status] GET https://serviceusage.googleapis.com/v1/projects/pocket-garage-70e50/services/cloudfunctions.googleapis.com 200
[debug] [2023-07-29T19:13:08.712Z] <<< [apiv2][body] GET https://serviceusage.googleapis.com/v1/projects/pocket-garage-70e50/services/cloudfunctions.googleapis.com [omitted]
[info] ✔  functions: required API cloudfunctions.googleapis.com is enabled 
[debug] [2023-07-29T19:13:08.715Z] <<< [apiv2][status] GET https://serviceusage.googleapis.com/v1/projects/pocket-garage-70e50/services/runtimeconfig.googleapis.com 200
[debug] [2023-07-29T19:13:08.715Z] <<< [apiv2][body] GET https://serviceusage.googleapis.com/v1/projects/pocket-garage-70e50/services/runtimeconfig.googleapis.com [omitted]
[debug] [2023-07-29T19:13:08.729Z] <<< [apiv2][status] GET https://serviceusage.googleapis.com/v1/projects/pocket-garage-70e50/services/artifactregistry.googleapis.com 200
[debug] [2023-07-29T19:13:08.729Z] <<< [apiv2][body] GET https://serviceusage.googleapis.com/v1/projects/pocket-garage-70e50/services/artifactregistry.googleapis.com [omitted]
[info] ✔  artifactregistry: required API artifactregistry.googleapis.com is enabled 
[debug] [2023-07-29T19:13:08.732Z] <<< [apiv2][status] GET https://serviceusage.googleapis.com/v1/projects/pocket-garage-70e50/services/cloudbuild.googleapis.com 200
[debug] [2023-07-29T19:13:08.732Z] <<< [apiv2][body] GET https://serviceusage.googleapis.com/v1/projects/pocket-garage-70e50/services/cloudbuild.googleapis.com [omitted]
[info] ✔  functions: required API cloudbuild.googleapis.com is enabled 
[debug] [2023-07-29T19:13:08.733Z] >>> [apiv2][query] GET https://firebase.googleapis.com/v1beta1/projects/pocket-garage-70e50/adminSdkConfig [none]
[debug] [2023-07-29T19:13:08.913Z] <<< [apiv2][status] GET https://firebase.googleapis.com/v1beta1/projects/pocket-garage-70e50/adminSdkConfig 200
[debug] [2023-07-29T19:13:08.913Z] <<< [apiv2][body] GET https://firebase.googleapis.com/v1beta1/projects/pocket-garage-70e50/adminSdkConfig {"projectId":"pocket-garage-70e50","storageBucket":"pocket-garage-70e50.appspot.com"}
[debug] [2023-07-29T19:13:08.914Z] >>> [apiv2][query] GET https://runtimeconfig.googleapis.com/v1beta1/projects/pocket-garage-70e50/configs [none]
[debug] [2023-07-29T19:13:09.165Z] <<< [apiv2][status] GET https://runtimeconfig.googleapis.com/v1beta1/projects/pocket-garage-70e50/configs 200
[debug] [2023-07-29T19:13:09.165Z] <<< [apiv2][body] GET https://runtimeconfig.googleapis.com/v1beta1/projects/pocket-garage-70e50/configs {"configs":[{"name":"projects/pocket-garage-70e50/configs/config"}]}
[debug] [2023-07-29T19:13:09.166Z] >>> [apiv2][query] GET https://runtimeconfig.googleapis.com/v1beta1/projects/pocket-garage-70e50/configs/config/variables [none]
[debug] [2023-07-29T19:13:09.327Z] <<< [apiv2][status] GET https://runtimeconfig.googleapis.com/v1beta1/projects/pocket-garage-70e50/configs/config/variables 200
[debug] [2023-07-29T19:13:09.327Z] <<< [apiv2][body] GET https://runtimeconfig.googleapis.com/v1beta1/projects/pocket-garage-70e50/configs/config/variables {"variables":[{"name":"projects/pocket-garage-70e50/configs/config/variables/dvla","updateTime":"2023-07-29T19:08:05.057151816Z"}]}
[debug] [2023-07-29T19:13:09.327Z] >>> [apiv2][query] GET https://runtimeconfig.googleapis.com/v1beta1/projects/pocket-garage-70e50/configs/config/variables/dvla [none]
[debug] [2023-07-29T19:13:09.590Z] <<< [apiv2][status] GET https://runtimeconfig.googleapis.com/v1beta1/projects/pocket-garage-70e50/configs/config/variables/dvla 200
[debug] [2023-07-29T19:13:09.591Z] <<< [apiv2][body] GET https://runtimeconfig.googleapis.com/v1beta1/projects/pocket-garage-70e50/configs/config/variables/dvla {"name":"projects/pocket-garage-70e50/configs/config/variables/dvla","updateTime":"2023-07-29T19:08:05.057151816Z","text":"7MS8WEBQdy1AlK6MYbslb8HUTZCnK8pR9FHNilBz"}
[debug] [2023-07-29T19:13:09.594Z] Validating nodejs source
[debug] [2023-07-29T19:13:10.007Z] > [functions] package.json contents: {
  "name": "functions",
  "scripts": {
    "build": "tsc",
    "build:watch": "tsc --watch",
    "serve": "npm run build && firebase emulators:start --only functions",
    "shell": "npm run build && firebase functions:shell",
    "start": "npm run shell",
    "deploy": "firebase deploy --only functions",
    "logs": "firebase functions:log"
  },
  "engines": {
    "node": "18"
  },
  "main": "lib/index.js",
  "dependencies": {
    "axios": "^1.4.0",
    "firebase-admin": "^11.8.0",
    "firebase-functions": "^4.3.1"
  },
  "devDependencies": {
    "firebase-functions-test": "^3.1.0",
    "typescript": "^4.9.0"
  },
  "private": true
}
[debug] [2023-07-29T19:13:10.007Z] Building nodejs source
[info] i  functions: Loading and analyzing source code for codebase default to determine what to deploy 
[debug] [2023-07-29T19:13:10.008Z] Could not find functions.yaml. Must use http discovery
[debug] [2023-07-29T19:13:10.012Z] Found firebase-functions binary at '/Users/ruaridhbell/Developer/my-car-app/functions/node_modules/.bin/firebase-functions'
[info] Serving at port 8097

[debug] [2023-07-29T19:13:10.205Z] Got response from /__/functions.yaml {"endpoints":{"getVehicleData":{"availableMemoryMb":null,"timeoutSeconds":null,"minInstances":null,"maxInstances":null,"ingressSettings":null,"concurrency":null,"serviceAccountEmail":null,"vpc":null,"platform":"gcfv2","labels":{},"callableTrigger":{},"entryPoint":"getVehicleData"}},"specVersion":"v1alpha1","requiredAPIs":[]}
[info] shutdown requested via /__/quitquitquit

[info] i  functions: Loaded environment variables from .env. 
[info] i  functions: preparing functions directory for uploading... 
[info] i  functions: packaged /Users/ruaridhbell/Developer/my-car-app/functions (67.8 KB) for uploading 
[debug] [2023-07-29T19:13:10.230Z] >>> [apiv2][query] GET https://cloudfunctions.googleapis.com/v1/projects/pocket-garage-70e50/locations/-/functions [none]
[debug] [2023-07-29T19:13:10.777Z] <<< [apiv2][status] GET https://cloudfunctions.googleapis.com/v1/projects/pocket-garage-70e50/locations/-/functions 200
[debug] [2023-07-29T19:13:10.777Z] <<< [apiv2][body] GET https://cloudfunctions.googleapis.com/v1/projects/pocket-garage-70e50/locations/-/functions {}
[debug] [2023-07-29T19:13:10.778Z] >>> [apiv2][query] GET https://cloudfunctions.googleapis.com/v2/projects/pocket-garage-70e50/locations/-/functions filter=environment%3D%22GEN_2%22
[debug] [2023-07-29T19:13:11.785Z] <<< [apiv2][status] GET https://cloudfunctions.googleapis.com/v2/projects/pocket-garage-70e50/locations/-/functions 200
[debug] [2023-07-29T19:13:11.785Z] <<< [apiv2][body] GET https://cloudfunctions.googleapis.com/v2/projects/pocket-garage-70e50/locations/-/functions {}
[info] i  functions: ensuring required API run.googleapis.com is enabled... 
[info] i  functions: ensuring required API eventarc.googleapis.com is enabled... 
[info] i  functions: ensuring required API pubsub.googleapis.com is enabled... 
[info] i  functions: ensuring required API storage.googleapis.com is enabled... 
[debug] [2023-07-29T19:13:11.789Z] >>> [apiv2][query] GET https://serviceusage.googleapis.com/v1/projects/pocket-garage-70e50/services/run.googleapis.com [none]
[debug] [2023-07-29T19:13:11.789Z] >>> [apiv2][(partial)header] GET https://serviceusage.googleapis.com/v1/projects/pocket-garage-70e50/services/run.googleapis.com x-goog-quota-user=projects/pocket-garage-70e50
[debug] [2023-07-29T19:13:11.789Z] >>> [apiv2][query] GET https://serviceusage.googleapis.com/v1/projects/pocket-garage-70e50/services/eventarc.googleapis.com [none]
[debug] [2023-07-29T19:13:11.789Z] >>> [apiv2][(partial)header] GET https://serviceusage.googleapis.com/v1/projects/pocket-garage-70e50/services/eventarc.googleapis.com x-goog-quota-user=projects/pocket-garage-70e50
[debug] [2023-07-29T19:13:11.790Z] >>> [apiv2][query] GET https://serviceusage.googleapis.com/v1/projects/pocket-garage-70e50/services/pubsub.googleapis.com [none]
[debug] [2023-07-29T19:13:11.790Z] >>> [apiv2][(partial)header] GET https://serviceusage.googleapis.com/v1/projects/pocket-garage-70e50/services/pubsub.googleapis.com x-goog-quota-user=projects/pocket-garage-70e50
[debug] [2023-07-29T19:13:11.790Z] >>> [apiv2][query] GET https://serviceusage.googleapis.com/v1/projects/pocket-garage-70e50/services/storage.googleapis.com [none]
[debug] [2023-07-29T19:13:11.790Z] >>> [apiv2][(partial)header] GET https://serviceusage.googleapis.com/v1/projects/pocket-garage-70e50/services/storage.googleapis.com x-goog-quota-user=projects/pocket-garage-70e50
[debug] [2023-07-29T19:13:12.116Z] <<< [apiv2][status] GET https://serviceusage.googleapis.com/v1/projects/pocket-garage-70e50/services/run.googleapis.com 200
[debug] [2023-07-29T19:13:12.116Z] <<< [apiv2][body] GET https://serviceusage.googleapis.com/v1/projects/pocket-garage-70e50/services/run.googleapis.com [omitted]
[warn] ⚠  functions: missing required API run.googleapis.com. Enabling now... 
[debug] [2023-07-29T19:13:12.117Z] >>> [apiv2][query] POST https://serviceusage.googleapis.com/v1/projects/pocket-garage-70e50/services/run.googleapis.com:enable [none]
[debug] [2023-07-29T19:13:12.117Z] >>> [apiv2][(partial)header] POST https://serviceusage.googleapis.com/v1/projects/pocket-garage-70e50/services/run.googleapis.com:enable x-goog-quota-user=projects/pocket-garage-70e50
[debug] [2023-07-29T19:13:12.573Z] <<< [apiv2][status] GET https://serviceusage.googleapis.com/v1/projects/pocket-garage-70e50/services/eventarc.googleapis.com 200
[debug] [2023-07-29T19:13:12.574Z] <<< [apiv2][body] GET https://serviceusage.googleapis.com/v1/projects/pocket-garage-70e50/services/eventarc.googleapis.com [omitted]
[info] ✔  functions: required API eventarc.googleapis.com is enabled 
[debug] [2023-07-29T19:13:12.575Z] <<< [apiv2][status] GET https://serviceusage.googleapis.com/v1/projects/pocket-garage-70e50/services/pubsub.googleapis.com 200
[debug] [2023-07-29T19:13:12.575Z] <<< [apiv2][body] GET https://serviceusage.googleapis.com/v1/projects/pocket-garage-70e50/services/pubsub.googleapis.com [omitted]
[info] ✔  functions: required API pubsub.googleapis.com is enabled 
[debug] [2023-07-29T19:13:12.578Z] <<< [apiv2][status] GET https://serviceusage.googleapis.com/v1/projects/pocket-garage-70e50/services/storage.googleapis.com 200
[debug] [2023-07-29T19:13:12.579Z] <<< [apiv2][body] GET https://serviceusage.googleapis.com/v1/projects/pocket-garage-70e50/services/storage.googleapis.com [omitted]
[info] ✔  functions: required API storage.googleapis.com is enabled 
[debug] [2023-07-29T19:13:13.333Z] <<< [apiv2][status] POST https://serviceusage.googleapis.com/v1/projects/pocket-garage-70e50/services/run.googleapis.com:enable 200
[debug] [2023-07-29T19:13:13.333Z] <<< [apiv2][body] POST https://serviceusage.googleapis.com/v1/projects/pocket-garage-70e50/services/run.googleapis.com:enable [omitted]
[debug] [2023-07-29T19:13:23.335Z] >>> [apiv2][query] GET https://serviceusage.googleapis.com/v1/projects/pocket-garage-70e50/services/run.googleapis.com [none]
[debug] [2023-07-29T19:13:23.335Z] >>> [apiv2][(partial)header] GET https://serviceusage.googleapis.com/v1/projects/pocket-garage-70e50/services/run.googleapis.com x-goog-quota-user=projects/pocket-garage-70e50
[debug] [2023-07-29T19:13:24.181Z] <<< [apiv2][status] GET https://serviceusage.googleapis.com/v1/projects/pocket-garage-70e50/services/run.googleapis.com 200
[debug] [2023-07-29T19:13:24.181Z] <<< [apiv2][body] GET https://serviceusage.googleapis.com/v1/projects/pocket-garage-70e50/services/run.googleapis.com [omitted]
[info] ✔  functions: required API run.googleapis.com is enabled 
[info] i  functions: generating the service identity for pubsub.googleapis.com... 
[info] i  functions: generating the service identity for eventarc.googleapis.com... 
[debug] [2023-07-29T19:13:24.188Z] >>> [apiv2][query] POST https://serviceusage.googleapis.com/v1beta1/projects/1091684992494/services/pubsub.googleapis.com:generateServiceIdentity [none]
[debug] [2023-07-29T19:13:24.188Z] >>> [apiv2][query] POST https://serviceusage.googleapis.com/v1beta1/projects/1091684992494/services/eventarc.googleapis.com:generateServiceIdentity [none]
[debug] [2023-07-29T19:13:25.203Z] <<< [apiv2][status] POST https://serviceusage.googleapis.com/v1beta1/projects/1091684992494/services/pubsub.googleapis.com:generateServiceIdentity 200
[debug] [2023-07-29T19:13:25.204Z] <<< [apiv2][body] POST https://serviceusage.googleapis.com/v1beta1/projects/1091684992494/services/pubsub.googleapis.com:generateServiceIdentity {"name":"operations/finished.DONE_OPERATION","done":true,"response":{"@type":"type.googleapis.com/google.api.serviceusage.v1beta1.ServiceIdentity","email":"service-1091684992494@gcp-sa-pubsub.iam.gserviceaccount.com","uniqueId":"117299245423273592135"}}
[debug] [2023-07-29T19:13:25.205Z] <<< [apiv2][status] POST https://serviceusage.googleapis.com/v1beta1/projects/1091684992494/services/eventarc.googleapis.com:generateServiceIdentity 200
[debug] [2023-07-29T19:13:25.205Z] <<< [apiv2][body] POST https://serviceusage.googleapis.com/v1beta1/projects/1091684992494/services/eventarc.googleapis.com:generateServiceIdentity {"name":"operations/finished.DONE_OPERATION","done":true,"response":{"@type":"type.googleapis.com/google.api.serviceusage.v1beta1.ServiceIdentity","email":"service-1091684992494@gcp-sa-eventarc.iam.gserviceaccount.com","uniqueId":"107654746758126123584"}}
[debug] [2023-07-29T19:13:25.211Z] >>> [apiv2][query] GET https://firebase.googleapis.com/v1beta1/projects/pocket-garage-70e50 [none]
[debug] [2023-07-29T19:13:25.469Z] <<< [apiv2][status] GET https://firebase.googleapis.com/v1beta1/projects/pocket-garage-70e50 200
[debug] [2023-07-29T19:13:25.469Z] <<< [apiv2][body] GET https://firebase.googleapis.com/v1beta1/projects/pocket-garage-70e50 {"projectId":"pocket-garage-70e50","projectNumber":"1091684992494","displayName":"Pocket Garage","name":"projects/pocket-garage-70e50","resources":{"hostingSite":"pocket-garage-70e50"},"state":"ACTIVE","etag":"1_b5e07995-e632-4ec0-b78b-0b26087f8418"}
[debug] [2023-07-29T19:13:25.471Z] >>> [apiv2][query] POST https://cloudfunctions.googleapis.com/v2/projects/pocket-garage-70e50/locations/us-central1/functions:generateUploadUrl [none]
[debug] [2023-07-29T19:13:28.176Z] <<< [apiv2][status] POST https://cloudfunctions.googleapis.com/v2/projects/pocket-garage-70e50/locations/us-central1/functions:generateUploadUrl 200
[debug] [2023-07-29T19:13:28.176Z] <<< [apiv2][body] POST https://cloudfunctions.googleapis.com/v2/projects/pocket-garage-70e50/locations/us-central1/functions:generateUploadUrl {"uploadUrl":"https://storage.googleapis.com/gcf-v2-uploads-1091684992494-us-central1/b58854c7-2665-400f-b1a7-e4526c38185e.zip?GoogleAccessId=service-1091684992494@gcf-admin-robot.iam.gserviceaccount.com&Expires=1690659808&Signature=i2e5p0HOhsV0TnQrr2NzM%2FS%2FNL8PD75wdB2%2B7DkY9iTuKgNnbKqptcjSWE5UG88o62gqrTYDiv341fRkqC23A07rAY2EwQHfmfCarYCjwlCJK0bwbaNN1JcOthcjLQROhDEZG1X6LgGFgZE%2F4qF3zyiB0CW9UbtcxPY6f5JX%2BTcqsHBxKlUlMGcH9zE05gztq%2BCDe0tR%2F6PATj5IncBPYjIa%2F0so1791uJnv1zuddjUPSxMXpuakWpiL2mJ2tbdQ0K0HxVOBcq1MzbRMHidlYyKaRIb3E9VMmBIAOr%2FJv1gQ0rGEeuhdqzkDgQb1mN6slsFqx151oNlPv1TLpdZh3g%3D%3D","storageSource":{"bucket":"gcf-v2-uploads-1091684992494-us-central1","object":"b58854c7-2665-400f-b1a7-e4526c38185e.zip"}}
[debug] [2023-07-29T19:13:28.178Z] >>> [apiv2][query] PUT https://storage.googleapis.com/gcf-v2-uploads-1091684992494-us-central1/b58854c7-2665-400f-b1a7-e4526c38185e.zip GoogleAccessId=service-1091684992494%40gcf-admin-robot.iam.gserviceaccount.com&Expires=1690659808&Signature=i2e5p0HOhsV0TnQrr2NzM%2FS%2FNL8PD75wdB2%2B7DkY9iTuKgNnbKqptcjSWE5UG88o62gqrTYDiv341fRkqC23A07rAY2EwQHfmfCarYCjwlCJK0bwbaNN1JcOthcjLQROhDEZG1X6LgGFgZE%2F4qF3zyiB0CW9UbtcxPY6f5JX%2BTcqsHBxKlUlMGcH9zE05gztq%2BCDe0tR%2F6PATj5IncBPYjIa%2F0so1791uJnv1zuddjUPSxMXpuakWpiL2mJ2tbdQ0K0HxVOBcq1MzbRMHidlYyKaRIb3E9VMmBIAOr%2FJv1gQ0rGEeuhdqzkDgQb1mN6slsFqx151oNlPv1TLpdZh3g%3D%3D
[debug] [2023-07-29T19:13:28.179Z] >>> [apiv2][body] PUT https://storage.googleapis.com/gcf-v2-uploads-1091684992494-us-central1/b58854c7-2665-400f-b1a7-e4526c38185e.zip [stream]
[debug] [2023-07-29T19:13:28.743Z] <<< [apiv2][status] PUT https://storage.googleapis.com/gcf-v2-uploads-1091684992494-us-central1/b58854c7-2665-400f-b1a7-e4526c38185e.zip 200
[debug] [2023-07-29T19:13:28.743Z] <<< [apiv2][body] PUT https://storage.googleapis.com/gcf-v2-uploads-1091684992494-us-central1/b58854c7-2665-400f-b1a7-e4526c38185e.zip [omitted]
[info] ✔  functions: functions folder uploaded successfully 
[info] i  functions: creating Node.js 18 (2nd Gen) function getVehicleData(us-central1)... 
[debug] [2023-07-29T19:13:28.748Z] >>> [apiv2][query] POST https://cloudfunctions.googleapis.com/v2/projects/pocket-garage-70e50/locations/us-central1/functions functionId=getVehicleData
[debug] [2023-07-29T19:13:28.748Z] >>> [apiv2][body] POST https://cloudfunctions.googleapis.com/v2/projects/pocket-garage-70e50/locations/us-central1/functions {"name":"projects/pocket-garage-70e50/locations/us-central1/functions/getVehicleData","buildConfig":{"runtime":"nodejs18","entryPoint":"getVehicleData","source":{"storageSource":{"bucket":"gcf-v2-uploads-1091684992494-us-central1","object":"b58854c7-2665-400f-b1a7-e4526c38185e.zip"}},"environmentVariables":{"GOOGLE_NODE_RUN_SCRIPTS":""}},"serviceConfig":{"environmentVariables":{"DVLA_API":"7MS8WEBQdy1AlK6MYbslb8HUTZCnK8pR9FHNilBz","DVSA_MOT_API_KEY":"xW9Zn11JOd1T2r68fd2dea8IZbj07UHXFVimqt8c","FIREBASE_CONFIG":"{\"projectId\":\"pocket-garage-70e50\",\"storageBucket\":\"pocket-garage-70e50.appspot.com\"}","GCLOUD_PROJECT":"pocket-garage-70e50","EVENTARC_CLOUD_EVENT_SOURCE":"projects/pocket-garage-70e50/locations/us-central1/services/getVehicleData"},"ingressSettings":null,"timeoutSeconds":null,"serviceAccountEmail":null,"availableMemory":"256Mi","minInstanceCount":null,"maxInstanceCount":null,"maxInstanceRequestConcurrency":80,"availableCpu":"1","vpcConnector":null,"vpcConnectorEgressSettings":null},"labels":{"deployment-tool":"cli-firebase","deployment-callable":"true","firebase-functions-hash":"0b122dee07dc50aa0a0df98f13f9ed6d1f4d55dc"}}
[debug] [2023-07-29T19:13:30.296Z] <<< [apiv2][status] POST https://cloudfunctions.googleapis.com/v2/projects/pocket-garage-70e50/locations/us-central1/functions 400
[debug] [2023-07-29T19:13:30.297Z] <<< [apiv2][body] POST https://cloudfunctions.googleapis.com/v2/projects/pocket-garage-70e50/locations/us-central1/functions {"error":{"code":400,"message":"Could not create Cloud Run service getvehicledata. spec.template.spec.containers.resources.limits.cpu: Invalid value specified for cpu. For the specified value, maxScale may not exceed 10.\nConsider running your workload in a region with greater capacity, decreasing your requested cpu-per-instance, or requesting an increase in quota for this region if you are seeing sustained usage near this limit, see https://cloud.google.com/run/quotas. Your project may gain access to further scaling by adding billing information to your account.","status":"INVALID_ARGUMENT"}}
[warn] ⚠  functions: Your current project quotas don't allow for the current max instances setting of 100. Either reduce this function's maximum instances, or request a quota increase on the underlying Cloud Run service at https://cloud.google.com/run/quotas. 
[warn] ⚠  functions: You can adjust the max instances value in your function's runtime options:
	setGlobalOptions({maxInstances: 10}) 
[error] Failed to create function projects/pocket-garage-70e50/locations/us-central1/functions/getVehicleData
[debug] [2023-07-29T19:13:30.301Z] Total Function Deployment time: 1551
[debug] [2023-07-29T19:13:30.301Z] 1 Functions Deployed
[debug] [2023-07-29T19:13:30.301Z] 1 Functions Errored
[debug] [2023-07-29T19:13:30.301Z] 0 Function Deployments Aborted
[debug] [2023-07-29T19:13:30.301Z] Average Function Deployment time: 1551
[info] 
[info] Functions deploy had errors with the following functions:
	getVehicleData(us-central1)
[info] i  functions: cleaning up build files... 
[debug] [2023-07-29T19:13:30.378Z] >>> [apiv2][query] DELETE https://artifactregistry.googleapis.com/v1beta2/projects/pocket-garage-70e50/locations/us-central1/repositories/gcf-artifacts/packages/get_vehicle_data [none]
[debug] [2023-07-29T19:13:30.379Z] >>> [apiv2][query] GET https://us.gcr.io/v2/pocket-garage-70e50/gcf/us-central1/tags/list [none]
[debug] [2023-07-29T19:13:30.609Z] <<< [apiv2][status] GET https://us.gcr.io/v2/pocket-garage-70e50/gcf/us-central1/tags/list 200
[debug] [2023-07-29T19:13:30.610Z] <<< [apiv2][body] GET https://us.gcr.io/v2/pocket-garage-70e50/gcf/us-central1/tags/list {"child":[],"manifest":{},"name":"pocket-garage-70e50/gcf/us-central1","tags":[]}
[debug] [2023-07-29T19:13:30.611Z] Could not find image for function projects/pocket-garage-70e50/locations/us-central1/functions/getVehicleData
[debug] [2023-07-29T19:13:31.247Z] <<< [apiv2][status] DELETE https://artifactregistry.googleapis.com/v1beta2/projects/pocket-garage-70e50/locations/us-central1/repositories/gcf-artifacts/packages/get_vehicle_data 404
[debug] [2023-07-29T19:13:31.252Z] <<< [apiv2][body] DELETE https://artifactregistry.googleapis.com/v1beta2/projects/pocket-garage-70e50/locations/us-central1/repositories/gcf-artifacts/packages/get_vehicle_data {"error":{"code":404,"message":"Package \"projects/pocket-garage-70e50/locations/us-central1/repositories/gcf-artifacts/packages/get_vehicle_data\" was not found.","status":"NOT_FOUND"}}
[debug] [2023-07-29T19:13:31.253Z] Functions deploy failed.
[debug] [2023-07-29T19:13:31.253Z] {
  "endpoint": {
    "id": "getVehicleData",
    "project": "pocket-garage-70e50",
    "region": "us-central1",
    "entryPoint": "getVehicleData",
    "platform": "gcfv2",
    "runtime": "nodejs18",
    "callableTrigger": {},
    "labels": {
      "deployment-tool": "cli-firebase"
    },
    "serviceAccount": null,
    "ingressSettings": null,
    "availableMemoryMb": null,
    "timeoutSeconds": null,
    "maxInstances": null,
    "minInstances": null,
    "concurrency": 80,
    "vpc": null,
    "environmentVariables": {
      "DVLA_API": "7MS8WEBQdy1AlK6MYbslb8HUTZCnK8pR9FHNilBz",
      "DVSA_MOT_API_KEY": "xW9Zn11JOd1T2r68fd2dea8IZbj07UHXFVimqt8c",
      "FIREBASE_CONFIG": "{\"projectId\":\"pocket-garage-70e50\",\"storageBucket\":\"pocket-garage-70e50.appspot.com\"}",
      "GCLOUD_PROJECT": "pocket-garage-70e50",
      "EVENTARC_CLOUD_EVENT_SOURCE": "projects/pocket-garage-70e50/locations/us-central1/services/getVehicleData"
    },
    "codebase": "default",
    "cpu": 1,
    "targetedByOnly": false,
    "hash": "0b122dee07dc50aa0a0df98f13f9ed6d1f4d55dc"
  },
  "op": "create",
  "original": {
    "name": "FirebaseError",
    "children": [],
    "context": {
      "function": "projects/pocket-garage-70e50/locations/us-central1/functions/getVehicleData"
    },
    "exit": 1,
    "message": "Failed to create function projects/pocket-garage-70e50/locations/us-central1/functions/getVehicleData",
    "original": {
      "name": "FirebaseError",
      "children": [],
      "context": {
        "body": {
          "error": {
            "code": 400,
            "message": "Could not create Cloud Run service getvehicledata. spec.template.spec.containers.resources.limits.cpu: Invalid value specified for cpu. For the specified value, maxScale may not exceed 10.\nConsider running your workload in a region with greater capacity, decreasing your requested cpu-per-instance, or requesting an increase in quota for this region if you are seeing sustained usage near this limit, see https://cloud.google.com/run/quotas. Your project may gain access to further scaling by adding billing information to your account.",
            "status": "INVALID_ARGUMENT"
          }
        },
        "response": {
          "statusCode": 400
        }
      },
      "exit": 1,
      "message": "HTTP Error: 400, Could not create Cloud Run service getvehicledata. spec.template.spec.containers.resources.limits.cpu: Invalid value specified for cpu. For the specified value, maxScale may not exceed 10.\nConsider running your workload in a region with greater capacity, decreasing your requested cpu-per-instance, or requesting an increase in quota for this region if you are seeing sustained usage near this limit, see https://cloud.google.com/run/quotas. Your project may gain access to further scaling by adding billing information to your account.",
      "status": 400
    },
    "status": 400,
    "code": 400
  }
}
[debug] [2023-07-29T19:13:31.350Z] Error: Failed to create function getVehicleData in region us-central1
    at /Users/ruaridhbell/.nvm/versions/node/v20.3.1/lib/node_modules/firebase-tools/lib/deploy/functions/release/fabricator.js:288:27
    at process.processTicksAndRejections (node:internal/process/task_queues:95:5)
    at async Fabricator.createV2Function (/Users/ruaridhbell/.nvm/versions/node/v20.3.1/lib/node_modules/firebase-tools/lib/deploy/functions/release/fabricator.js:276:30)
    at async Fabricator.createEndpoint (/Users/ruaridhbell/.nvm/versions/node/v20.3.1/lib/node_modules/firebase-tools/lib/deploy/functions/release/fabricator.js:135:13)
    at async handle (/Users/ruaridhbell/.nvm/versions/node/v20.3.1/lib/node_modules/firebase-tools/lib/deploy/functions/release/fabricator.js:88:17)
[error] 
[error] Error: There was an error deploying functions
[debug] [2023-07-29T19:19:47.791Z] ----------------------------------------------------------------------
[debug] [2023-07-29T19:19:47.792Z] Command:       /Users/ruaridhbell/.nvm/versions/node/v20.3.1/bin/node /Users/ruaridhbell/.nvm/versions/node/v20.3.1/bin/firebase deploy --only functions
[debug] [2023-07-29T19:19:47.792Z] CLI Version:   12.4.6
[debug] [2023-07-29T19:19:47.793Z] Platform:      darwin
[debug] [2023-07-29T19:19:47.793Z] Node Version:  v20.3.1
[debug] [2023-07-29T19:19:47.793Z] Time:          Sat Jul 29 2023 20:19:47 GMT+0100 (British Summer Time)
[debug] [2023-07-29T19:19:47.793Z] ----------------------------------------------------------------------
[debug] 
[debug] [2023-07-29T19:19:47.829Z] > command requires scopes: ["email","openid","https://www.googleapis.com/auth/cloudplatformprojects.readonly","https://www.googleapis.com/auth/firebase","https://www.googleapis.com/auth/cloud-platform"]
[debug] [2023-07-29T19:19:47.829Z] > authorizing via signed-in user (ruaridhbell73@googlemail.com)
[debug] [2023-07-29T19:19:47.829Z] [iam] checking project pocket-garage-70e50 for permissions ["cloudfunctions.functions.create","cloudfunctions.functions.delete","cloudfunctions.functions.get","cloudfunctions.functions.list","cloudfunctions.functions.update","cloudfunctions.operations.get","firebase.projects.get"]
[debug] [2023-07-29T19:19:47.830Z] >>> [apiv2][query] POST https://cloudresourcemanager.googleapis.com/v1/projects/pocket-garage-70e50:testIamPermissions [none]
[debug] [2023-07-29T19:19:47.830Z] >>> [apiv2][(partial)header] POST https://cloudresourcemanager.googleapis.com/v1/projects/pocket-garage-70e50:testIamPermissions x-goog-quota-user=projects/pocket-garage-70e50
[debug] [2023-07-29T19:19:47.830Z] >>> [apiv2][body] POST https://cloudresourcemanager.googleapis.com/v1/projects/pocket-garage-70e50:testIamPermissions {"permissions":["cloudfunctions.functions.create","cloudfunctions.functions.delete","cloudfunctions.functions.get","cloudfunctions.functions.list","cloudfunctions.functions.update","cloudfunctions.operations.get","firebase.projects.get"]}
[debug] [2023-07-29T19:19:48.525Z] <<< [apiv2][status] POST https://cloudresourcemanager.googleapis.com/v1/projects/pocket-garage-70e50:testIamPermissions 200
[debug] [2023-07-29T19:19:48.526Z] <<< [apiv2][body] POST https://cloudresourcemanager.googleapis.com/v1/projects/pocket-garage-70e50:testIamPermissions {"permissions":["cloudfunctions.functions.create","cloudfunctions.functions.delete","cloudfunctions.functions.get","cloudfunctions.functions.list","cloudfunctions.functions.update","cloudfunctions.operations.get","firebase.projects.get"]}
[debug] [2023-07-29T19:19:48.526Z] >>> [apiv2][query] POST https://iam.googleapis.com/v1/projects/pocket-garage-70e50/serviceAccounts/pocket-garage-70e50@appspot.gserviceaccount.com:testIamPermissions [none]
[debug] [2023-07-29T19:19:48.526Z] >>> [apiv2][body] POST https://iam.googleapis.com/v1/projects/pocket-garage-70e50/serviceAccounts/pocket-garage-70e50@appspot.gserviceaccount.com:testIamPermissions {"permissions":["iam.serviceAccounts.actAs"]}
[debug] [2023-07-29T19:19:49.154Z] <<< [apiv2][status] POST https://iam.googleapis.com/v1/projects/pocket-garage-70e50/serviceAccounts/pocket-garage-70e50@appspot.gserviceaccount.com:testIamPermissions 404
[debug] [2023-07-29T19:19:49.154Z] <<< [apiv2][body] POST https://iam.googleapis.com/v1/projects/pocket-garage-70e50/serviceAccounts/pocket-garage-70e50@appspot.gserviceaccount.com:testIamPermissions {"error":{"code":404,"message":"Unknown service account","status":"NOT_FOUND"}}
[debug] [2023-07-29T19:19:49.155Z] [functions] service account IAM check errored, deploy may fail: HTTP Error: 404, Unknown service account {"name":"FirebaseError","children":[],"context":{"body":{"error":{"code":404,"message":"Unknown service account","status":"NOT_FOUND"}},"response":{"statusCode":404}},"exit":1,"message":"HTTP Error: 404, Unknown service account","status":404}
[info] 
[info] === Deploying to 'pocket-garage-70e50'...
[info] 
[info] i  deploying functions 
[info] Running command: npm --prefix "$RESOURCE_DIR" run build
[info] ✔  functions: Finished running predeploy script. 
[debug] [2023-07-29T19:19:51.822Z] >>> [apiv2][query] GET https://firebase.googleapis.com/v1beta1/projects/pocket-garage-70e50 [none]
[debug] [2023-07-29T19:19:52.119Z] <<< [apiv2][status] GET https://firebase.googleapis.com/v1beta1/projects/pocket-garage-70e50 200
[debug] [2023-07-29T19:19:52.119Z] <<< [apiv2][body] GET https://firebase.googleapis.com/v1beta1/projects/pocket-garage-70e50 {"projectId":"pocket-garage-70e50","projectNumber":"1091684992494","displayName":"Pocket Garage","name":"projects/pocket-garage-70e50","resources":{"hostingSite":"pocket-garage-70e50"},"state":"ACTIVE","etag":"1_64500617-b8e3-4864-8e02-5b86ea578ff4"}
[info] i  functions: preparing codebase default for deployment 
[info] i  functions: ensuring required API cloudfunctions.googleapis.com is enabled... 
[info] i  functions: ensuring required API cloudbuild.googleapis.com is enabled... 
[info] i  artifactregistry: ensuring required API artifactregistry.googleapis.com is enabled... 
[debug] [2023-07-29T19:19:52.122Z] >>> [apiv2][query] GET https://serviceusage.googleapis.com/v1/projects/pocket-garage-70e50/services/cloudfunctions.googleapis.com [none]
[debug] [2023-07-29T19:19:52.122Z] >>> [apiv2][(partial)header] GET https://serviceusage.googleapis.com/v1/projects/pocket-garage-70e50/services/cloudfunctions.googleapis.com x-goog-quota-user=projects/pocket-garage-70e50
[debug] [2023-07-29T19:19:52.123Z] >>> [apiv2][query] GET https://serviceusage.googleapis.com/v1/projects/pocket-garage-70e50/services/runtimeconfig.googleapis.com [none]
[debug] [2023-07-29T19:19:52.123Z] >>> [apiv2][(partial)header] GET https://serviceusage.googleapis.com/v1/projects/pocket-garage-70e50/services/runtimeconfig.googleapis.com x-goog-quota-user=projects/pocket-garage-70e50
[debug] [2023-07-29T19:19:52.124Z] >>> [apiv2][query] GET https://serviceusage.googleapis.com/v1/projects/pocket-garage-70e50/services/cloudbuild.googleapis.com [none]
[debug] [2023-07-29T19:19:52.124Z] >>> [apiv2][(partial)header] GET https://serviceusage.googleapis.com/v1/projects/pocket-garage-70e50/services/cloudbuild.googleapis.com x-goog-quota-user=projects/pocket-garage-70e50
[debug] [2023-07-29T19:19:52.125Z] >>> [apiv2][query] GET https://serviceusage.googleapis.com/v1/projects/pocket-garage-70e50/services/artifactregistry.googleapis.com [none]
[debug] [2023-07-29T19:19:52.125Z] >>> [apiv2][(partial)header] GET https://serviceusage.googleapis.com/v1/projects/pocket-garage-70e50/services/artifactregistry.googleapis.com x-goog-quota-user=projects/pocket-garage-70e50
[debug] [2023-07-29T19:19:52.956Z] <<< [apiv2][status] GET https://serviceusage.googleapis.com/v1/projects/pocket-garage-70e50/services/artifactregistry.googleapis.com 200
[debug] [2023-07-29T19:19:52.956Z] <<< [apiv2][body] GET https://serviceusage.googleapis.com/v1/projects/pocket-garage-70e50/services/artifactregistry.googleapis.com [omitted]
[info] ✔  artifactregistry: required API artifactregistry.googleapis.com is enabled 
[debug] [2023-07-29T19:19:52.960Z] <<< [apiv2][status] GET https://serviceusage.googleapis.com/v1/projects/pocket-garage-70e50/services/runtimeconfig.googleapis.com 200
[debug] [2023-07-29T19:19:52.960Z] <<< [apiv2][body] GET https://serviceusage.googleapis.com/v1/projects/pocket-garage-70e50/services/runtimeconfig.googleapis.com [omitted]
[debug] [2023-07-29T19:19:52.962Z] <<< [apiv2][status] GET https://serviceusage.googleapis.com/v1/projects/pocket-garage-70e50/services/cloudbuild.googleapis.com 200
[debug] [2023-07-29T19:19:52.962Z] <<< [apiv2][body] GET https://serviceusage.googleapis.com/v1/projects/pocket-garage-70e50/services/cloudbuild.googleapis.com [omitted]
[info] ✔  functions: required API cloudbuild.googleapis.com is enabled 
[debug] [2023-07-29T19:19:52.962Z] <<< [apiv2][status] GET https://serviceusage.googleapis.com/v1/projects/pocket-garage-70e50/services/cloudfunctions.googleapis.com 200
[debug] [2023-07-29T19:19:52.962Z] <<< [apiv2][body] GET https://serviceusage.googleapis.com/v1/projects/pocket-garage-70e50/services/cloudfunctions.googleapis.com [omitted]
[info] ✔  functions: required API cloudfunctions.googleapis.com is enabled 
[debug] [2023-07-29T19:19:52.963Z] >>> [apiv2][query] GET https://firebase.googleapis.com/v1beta1/projects/pocket-garage-70e50/adminSdkConfig [none]
[debug] [2023-07-29T19:19:53.152Z] <<< [apiv2][status] GET https://firebase.googleapis.com/v1beta1/projects/pocket-garage-70e50/adminSdkConfig 200
[debug] [2023-07-29T19:19:53.152Z] <<< [apiv2][body] GET https://firebase.googleapis.com/v1beta1/projects/pocket-garage-70e50/adminSdkConfig {"projectId":"pocket-garage-70e50","storageBucket":"pocket-garage-70e50.appspot.com"}
[debug] [2023-07-29T19:19:53.153Z] >>> [apiv2][query] GET https://runtimeconfig.googleapis.com/v1beta1/projects/pocket-garage-70e50/configs [none]
[debug] [2023-07-29T19:19:53.530Z] <<< [apiv2][status] GET https://runtimeconfig.googleapis.com/v1beta1/projects/pocket-garage-70e50/configs 200
[debug] [2023-07-29T19:19:53.531Z] <<< [apiv2][body] GET https://runtimeconfig.googleapis.com/v1beta1/projects/pocket-garage-70e50/configs {"configs":[{"name":"projects/pocket-garage-70e50/configs/config"}]}
[debug] [2023-07-29T19:19:53.531Z] >>> [apiv2][query] GET https://runtimeconfig.googleapis.com/v1beta1/projects/pocket-garage-70e50/configs/config/variables [none]
[debug] [2023-07-29T19:19:53.790Z] <<< [apiv2][status] GET https://runtimeconfig.googleapis.com/v1beta1/projects/pocket-garage-70e50/configs/config/variables 200
[debug] [2023-07-29T19:19:53.791Z] <<< [apiv2][body] GET https://runtimeconfig.googleapis.com/v1beta1/projects/pocket-garage-70e50/configs/config/variables {"variables":[{"name":"projects/pocket-garage-70e50/configs/config/variables/dvla","updateTime":"2023-07-29T19:08:05.057151816Z"}]}
[debug] [2023-07-29T19:19:53.792Z] >>> [apiv2][query] GET https://runtimeconfig.googleapis.com/v1beta1/projects/pocket-garage-70e50/configs/config/variables/dvla [none]
[debug] [2023-07-29T19:19:53.947Z] <<< [apiv2][status] GET https://runtimeconfig.googleapis.com/v1beta1/projects/pocket-garage-70e50/configs/config/variables/dvla 200
[debug] [2023-07-29T19:19:53.948Z] <<< [apiv2][body] GET https://runtimeconfig.googleapis.com/v1beta1/projects/pocket-garage-70e50/configs/config/variables/dvla {"name":"projects/pocket-garage-70e50/configs/config/variables/dvla","updateTime":"2023-07-29T19:08:05.057151816Z","text":"7MS8WEBQdy1AlK6MYbslb8HUTZCnK8pR9FHNilBz"}
[debug] [2023-07-29T19:19:53.951Z] Validating nodejs source
[debug] [2023-07-29T19:19:54.366Z] > [functions] package.json contents: {
  "name": "functions",
  "scripts": {
    "build": "tsc",
    "build:watch": "tsc --watch",
    "serve": "npm run build && firebase emulators:start --only functions",
    "shell": "npm run build && firebase functions:shell",
    "start": "npm run shell",
    "deploy": "firebase deploy --only functions",
    "logs": "firebase functions:log"
  },
  "engines": {
    "node": "18"
  },
  "main": "lib/index.js",
  "dependencies": {
    "axios": "^1.4.0",
    "firebase-admin": "^11.8.0",
    "firebase-functions": "^4.3.1"
  },
  "devDependencies": {
    "firebase-functions-test": "^3.1.0",
    "typescript": "^4.9.0"
  },
  "private": true
}
[debug] [2023-07-29T19:19:54.366Z] Building nodejs source
[info] i  functions: Loading and analyzing source code for codebase default to determine what to deploy 
[debug] [2023-07-29T19:19:54.367Z] Could not find functions.yaml. Must use http discovery
[debug] [2023-07-29T19:19:54.372Z] Found firebase-functions binary at '/Users/ruaridhbell/Developer/my-car-app/functions/node_modules/.bin/firebase-functions'
[info] Serving at port 8279

[debug] [2023-07-29T19:19:54.496Z] Got response from /__/functions.yaml {"endpoints":{"getVehicleData":{"availableMemoryMb":null,"timeoutSeconds":null,"minInstances":null,"maxInstances":null,"ingressSettings":null,"concurrency":null,"serviceAccountEmail":null,"vpc":null,"platform":"gcfv2","labels":{},"callableTrigger":{},"entryPoint":"getVehicleData"}},"specVersion":"v1alpha1","requiredAPIs":[]}
[info] shutdown requested via /__/quitquitquit

[info] i  functions: Loaded environment variables from .env. 
[info] i  functions: preparing functions directory for uploading... 
[info] i  functions: packaged /Users/ruaridhbell/Developer/my-car-app/functions (67.8 KB) for uploading 
[debug] [2023-07-29T19:19:54.522Z] >>> [apiv2][query] GET https://cloudfunctions.googleapis.com/v1/projects/pocket-garage-70e50/locations/-/functions [none]
[debug] [2023-07-29T19:19:55.038Z] <<< [apiv2][status] GET https://cloudfunctions.googleapis.com/v1/projects/pocket-garage-70e50/locations/-/functions 200
[debug] [2023-07-29T19:19:55.039Z] <<< [apiv2][body] GET https://cloudfunctions.googleapis.com/v1/projects/pocket-garage-70e50/locations/-/functions {}
[debug] [2023-07-29T19:19:55.039Z] >>> [apiv2][query] GET https://cloudfunctions.googleapis.com/v2/projects/pocket-garage-70e50/locations/-/functions filter=environment%3D%22GEN_2%22
[debug] [2023-07-29T19:19:55.628Z] <<< [apiv2][status] GET https://cloudfunctions.googleapis.com/v2/projects/pocket-garage-70e50/locations/-/functions 200
[debug] [2023-07-29T19:19:55.629Z] <<< [apiv2][body] GET https://cloudfunctions.googleapis.com/v2/projects/pocket-garage-70e50/locations/-/functions {}
[info] i  functions: ensuring required API run.googleapis.com is enabled... 
[info] i  functions: ensuring required API eventarc.googleapis.com is enabled... 
[info] i  functions: ensuring required API pubsub.googleapis.com is enabled... 
[info] i  functions: ensuring required API storage.googleapis.com is enabled... 
[debug] [2023-07-29T19:19:55.632Z] >>> [apiv2][query] GET https://serviceusage.googleapis.com/v1/projects/pocket-garage-70e50/services/run.googleapis.com [none]
[debug] [2023-07-29T19:19:55.632Z] >>> [apiv2][(partial)header] GET https://serviceusage.googleapis.com/v1/projects/pocket-garage-70e50/services/run.googleapis.com x-goog-quota-user=projects/pocket-garage-70e50
[debug] [2023-07-29T19:19:55.632Z] >>> [apiv2][query] GET https://serviceusage.googleapis.com/v1/projects/pocket-garage-70e50/services/eventarc.googleapis.com [none]
[debug] [2023-07-29T19:19:55.632Z] >>> [apiv2][(partial)header] GET https://serviceusage.googleapis.com/v1/projects/pocket-garage-70e50/services/eventarc.googleapis.com x-goog-quota-user=projects/pocket-garage-70e50
[debug] [2023-07-29T19:19:55.632Z] >>> [apiv2][query] GET https://serviceusage.googleapis.com/v1/projects/pocket-garage-70e50/services/pubsub.googleapis.com [none]
[debug] [2023-07-29T19:19:55.633Z] >>> [apiv2][(partial)header] GET https://serviceusage.googleapis.com/v1/projects/pocket-garage-70e50/services/pubsub.googleapis.com x-goog-quota-user=projects/pocket-garage-70e50
[debug] [2023-07-29T19:19:55.633Z] >>> [apiv2][query] GET https://serviceusage.googleapis.com/v1/projects/pocket-garage-70e50/services/storage.googleapis.com [none]
[debug] [2023-07-29T19:19:55.633Z] >>> [apiv2][(partial)header] GET https://serviceusage.googleapis.com/v1/projects/pocket-garage-70e50/services/storage.googleapis.com x-goog-quota-user=projects/pocket-garage-70e50
[debug] [2023-07-29T19:19:56.065Z] <<< [apiv2][status] GET https://serviceusage.googleapis.com/v1/projects/pocket-garage-70e50/services/run.googleapis.com 200
[debug] [2023-07-29T19:19:56.066Z] <<< [apiv2][body] GET https://serviceusage.googleapis.com/v1/projects/pocket-garage-70e50/services/run.googleapis.com [omitted]
[info] ✔  functions: required API run.googleapis.com is enabled 
[debug] [2023-07-29T19:19:56.427Z] <<< [apiv2][status] GET https://serviceusage.googleapis.com/v1/projects/pocket-garage-70e50/services/eventarc.googleapis.com 200
[debug] [2023-07-29T19:19:56.427Z] <<< [apiv2][body] GET https://serviceusage.googleapis.com/v1/projects/pocket-garage-70e50/services/eventarc.googleapis.com [omitted]
[info] ✔  functions: required API eventarc.googleapis.com is enabled 
[debug] [2023-07-29T19:19:56.445Z] <<< [apiv2][status] GET https://serviceusage.googleapis.com/v1/projects/pocket-garage-70e50/services/pubsub.googleapis.com 200
[debug] [2023-07-29T19:19:56.445Z] <<< [apiv2][body] GET https://serviceusage.googleapis.com/v1/projects/pocket-garage-70e50/services/pubsub.googleapis.com [omitted]
[info] ✔  functions: required API pubsub.googleapis.com is enabled 
[debug] [2023-07-29T19:19:56.452Z] <<< [apiv2][status] GET https://serviceusage.googleapis.com/v1/projects/pocket-garage-70e50/services/storage.googleapis.com 200
[debug] [2023-07-29T19:19:56.452Z] <<< [apiv2][body] GET https://serviceusage.googleapis.com/v1/projects/pocket-garage-70e50/services/storage.googleapis.com [omitted]
[info] ✔  functions: required API storage.googleapis.com is enabled 
[info] i  functions: generating the service identity for pubsub.googleapis.com... 
[info] i  functions: generating the service identity for eventarc.googleapis.com... 
[debug] [2023-07-29T19:19:56.453Z] >>> [apiv2][query] POST https://serviceusage.googleapis.com/v1beta1/projects/1091684992494/services/pubsub.googleapis.com:generateServiceIdentity [none]
[debug] [2023-07-29T19:19:56.454Z] >>> [apiv2][query] POST https://serviceusage.googleapis.com/v1beta1/projects/1091684992494/services/eventarc.googleapis.com:generateServiceIdentity [none]
[debug] [2023-07-29T19:19:56.990Z] <<< [apiv2][status] POST https://serviceusage.googleapis.com/v1beta1/projects/1091684992494/services/eventarc.googleapis.com:generateServiceIdentity 200
[debug] [2023-07-29T19:19:56.990Z] <<< [apiv2][body] POST https://serviceusage.googleapis.com/v1beta1/projects/1091684992494/services/eventarc.googleapis.com:generateServiceIdentity {"name":"operations/finished.DONE_OPERATION","done":true,"response":{"@type":"type.googleapis.com/google.api.serviceusage.v1beta1.ServiceIdentity","email":"service-1091684992494@gcp-sa-eventarc.iam.gserviceaccount.com","uniqueId":"107654746758126123584"}}
[debug] [2023-07-29T19:19:57.194Z] <<< [apiv2][status] POST https://serviceusage.googleapis.com/v1beta1/projects/1091684992494/services/pubsub.googleapis.com:generateServiceIdentity 200
[debug] [2023-07-29T19:19:57.194Z] <<< [apiv2][body] POST https://serviceusage.googleapis.com/v1beta1/projects/1091684992494/services/pubsub.googleapis.com:generateServiceIdentity {"name":"operations/finished.DONE_OPERATION","done":true,"response":{"@type":"type.googleapis.com/google.api.serviceusage.v1beta1.ServiceIdentity","email":"service-1091684992494@gcp-sa-pubsub.iam.gserviceaccount.com","uniqueId":"117299245423273592135"}}
[debug] [2023-07-29T19:19:57.197Z] >>> [apiv2][query] GET https://firebase.googleapis.com/v1beta1/projects/pocket-garage-70e50 [none]
[debug] [2023-07-29T19:19:57.376Z] <<< [apiv2][status] GET https://firebase.googleapis.com/v1beta1/projects/pocket-garage-70e50 200
[debug] [2023-07-29T19:19:57.377Z] <<< [apiv2][body] GET https://firebase.googleapis.com/v1beta1/projects/pocket-garage-70e50 {"projectId":"pocket-garage-70e50","projectNumber":"1091684992494","displayName":"Pocket Garage","name":"projects/pocket-garage-70e50","resources":{"hostingSite":"pocket-garage-70e50"},"state":"ACTIVE","etag":"1_64500617-b8e3-4864-8e02-5b86ea578ff4"}
[debug] [2023-07-29T19:19:57.379Z] >>> [apiv2][query] POST https://cloudfunctions.googleapis.com/v2/projects/pocket-garage-70e50/locations/us-central1/functions:generateUploadUrl [none]
[debug] [2023-07-29T19:19:58.158Z] <<< [apiv2][status] POST https://cloudfunctions.googleapis.com/v2/projects/pocket-garage-70e50/locations/us-central1/functions:generateUploadUrl 200
[debug] [2023-07-29T19:19:58.159Z] <<< [apiv2][body] POST https://cloudfunctions.googleapis.com/v2/projects/pocket-garage-70e50/locations/us-central1/functions:generateUploadUrl {"uploadUrl":"https://storage.googleapis.com/gcf-v2-uploads-1091684992494-us-central1/3c83f048-edbc-4fbb-a997-a27139578b2b.zip?GoogleAccessId=service-1091684992494@gcf-admin-robot.iam.gserviceaccount.com&Expires=1690660198&Signature=EPQqFZpu%2Fe3C6%2F7FdQdwCs80iXR%2FJ06DwjiaxOLcMQorxsyRfOngdMLjWqLs75nBJFezSZFRMrRCfCwPIbG%2BQv2a8bSjeHCpZBnR6D5709IqXHZh5LjFGqVkxsiezSWGZ2aP38BlNZFH3dA43YY14ZDfxH9FfYj0XRQ97jRFq3YT4ubRUdnuFkuzu6RfFC9aRaYvWHYMByCR1Mo4LGhunH3Tf1S50R7UMw8Ritteyx3Dt17mrkwPeaDsV6ofDiOyOOD%2F4EKvAz2kekK9qanFDrJJZqUIbgm4hHZ%2FyhlgegacgjNJCOcFcMvWiJjiZ0zLhgZi%2FWRcSAntdCyi6TGUvg%3D%3D","storageSource":{"bucket":"gcf-v2-uploads-1091684992494-us-central1","object":"3c83f048-edbc-4fbb-a997-a27139578b2b.zip"}}
[debug] [2023-07-29T19:19:58.161Z] >>> [apiv2][query] PUT https://storage.googleapis.com/gcf-v2-uploads-1091684992494-us-central1/3c83f048-edbc-4fbb-a997-a27139578b2b.zip GoogleAccessId=service-1091684992494%40gcf-admin-robot.iam.gserviceaccount.com&Expires=1690660198&Signature=EPQqFZpu%2Fe3C6%2F7FdQdwCs80iXR%2FJ06DwjiaxOLcMQorxsyRfOngdMLjWqLs75nBJFezSZFRMrRCfCwPIbG%2BQv2a8bSjeHCpZBnR6D5709IqXHZh5LjFGqVkxsiezSWGZ2aP38BlNZFH3dA43YY14ZDfxH9FfYj0XRQ97jRFq3YT4ubRUdnuFkuzu6RfFC9aRaYvWHYMByCR1Mo4LGhunH3Tf1S50R7UMw8Ritteyx3Dt17mrkwPeaDsV6ofDiOyOOD%2F4EKvAz2kekK9qanFDrJJZqUIbgm4hHZ%2FyhlgegacgjNJCOcFcMvWiJjiZ0zLhgZi%2FWRcSAntdCyi6TGUvg%3D%3D
[debug] [2023-07-29T19:19:58.161Z] >>> [apiv2][body] PUT https://storage.googleapis.com/gcf-v2-uploads-1091684992494-us-central1/3c83f048-edbc-4fbb-a997-a27139578b2b.zip [stream]
[debug] [2023-07-29T19:19:58.653Z] <<< [apiv2][status] PUT https://storage.googleapis.com/gcf-v2-uploads-1091684992494-us-central1/3c83f048-edbc-4fbb-a997-a27139578b2b.zip 200
[debug] [2023-07-29T19:19:58.654Z] <<< [apiv2][body] PUT https://storage.googleapis.com/gcf-v2-uploads-1091684992494-us-central1/3c83f048-edbc-4fbb-a997-a27139578b2b.zip [omitted]
[info] ✔  functions: functions folder uploaded successfully 
[info] i  functions: creating Node.js 18 (2nd Gen) function getVehicleData(us-central1)... 
[debug] [2023-07-29T19:19:58.660Z] >>> [apiv2][query] POST https://cloudfunctions.googleapis.com/v2/projects/pocket-garage-70e50/locations/us-central1/functions functionId=getVehicleData
[debug] [2023-07-29T19:19:58.660Z] >>> [apiv2][body] POST https://cloudfunctions.googleapis.com/v2/projects/pocket-garage-70e50/locations/us-central1/functions {"name":"projects/pocket-garage-70e50/locations/us-central1/functions/getVehicleData","buildConfig":{"runtime":"nodejs18","entryPoint":"getVehicleData","source":{"storageSource":{"bucket":"gcf-v2-uploads-1091684992494-us-central1","object":"3c83f048-edbc-4fbb-a997-a27139578b2b.zip"}},"environmentVariables":{"GOOGLE_NODE_RUN_SCRIPTS":""}},"serviceConfig":{"environmentVariables":{"DVLA_API":"7MS8WEBQdy1AlK6MYbslb8HUTZCnK8pR9FHNilBz","DVSA_MOT_API_KEY":"xW9Zn11JOd1T2r68fd2dea8IZbj07UHXFVimqt8c","FIREBASE_CONFIG":"{\"projectId\":\"pocket-garage-70e50\",\"storageBucket\":\"pocket-garage-70e50.appspot.com\"}","GCLOUD_PROJECT":"pocket-garage-70e50","EVENTARC_CLOUD_EVENT_SOURCE":"projects/pocket-garage-70e50/locations/us-central1/services/getVehicleData"},"ingressSettings":null,"timeoutSeconds":null,"serviceAccountEmail":null,"availableMemory":"256Mi","minInstanceCount":null,"maxInstanceCount":null,"maxInstanceRequestConcurrency":80,"availableCpu":"1","vpcConnector":null,"vpcConnectorEgressSettings":null},"labels":{"deployment-tool":"cli-firebase","deployment-callable":"true","firebase-functions-hash":"0b122dee07dc50aa0a0df98f13f9ed6d1f4d55dc"}}
[debug] [2023-07-29T19:19:59.777Z] <<< [apiv2][status] POST https://cloudfunctions.googleapis.com/v2/projects/pocket-garage-70e50/locations/us-central1/functions 400
[debug] [2023-07-29T19:19:59.778Z] <<< [apiv2][body] POST https://cloudfunctions.googleapis.com/v2/projects/pocket-garage-70e50/locations/us-central1/functions {"error":{"code":400,"message":"Could not create Cloud Run service getvehicledata. spec.template.spec.containers.resources.limits.cpu: Invalid value specified for cpu. For the specified value, maxScale may not exceed 10.\nConsider running your workload in a region with greater capacity, decreasing your requested cpu-per-instance, or requesting an increase in quota for this region if you are seeing sustained usage near this limit, see https://cloud.google.com/run/quotas. Your project may gain access to further scaling by adding billing information to your account.","status":"INVALID_ARGUMENT"}}
[warn] ⚠  functions: Your current project quotas don't allow for the current max instances setting of 100. Either reduce this function's maximum instances, or request a quota increase on the underlying Cloud Run service at https://cloud.google.com/run/quotas. 
[warn] ⚠  functions: You can adjust the max instances value in your function's runtime options:
	setGlobalOptions({maxInstances: 10}) 
[error] Failed to create function projects/pocket-garage-70e50/locations/us-central1/functions/getVehicleData
[debug] [2023-07-29T19:19:59.788Z] Total Function Deployment time: 1123
[debug] [2023-07-29T19:19:59.788Z] 1 Functions Deployed
[debug] [2023-07-29T19:19:59.788Z] 1 Functions Errored
[debug] [2023-07-29T19:19:59.788Z] 0 Function Deployments Aborted
[debug] [2023-07-29T19:19:59.788Z] Average Function Deployment time: 1123
[info] 
[info] Functions deploy had errors with the following functions:
	getVehicleData(us-central1)
[info] i  functions: cleaning up build files... 
[debug] [2023-07-29T19:19:59.893Z] >>> [apiv2][query] DELETE https://artifactregistry.googleapis.com/v1beta2/projects/pocket-garage-70e50/locations/us-central1/repositories/gcf-artifacts/packages/get_vehicle_data [none]
[debug] [2023-07-29T19:19:59.894Z] >>> [apiv2][query] GET https://us.gcr.io/v2/pocket-garage-70e50/gcf/us-central1/tags/list [none]
[debug] [2023-07-29T19:20:00.122Z] <<< [apiv2][status] GET https://us.gcr.io/v2/pocket-garage-70e50/gcf/us-central1/tags/list 200
[debug] [2023-07-29T19:20:00.123Z] <<< [apiv2][body] GET https://us.gcr.io/v2/pocket-garage-70e50/gcf/us-central1/tags/list {"child":[],"manifest":{},"name":"pocket-garage-70e50/gcf/us-central1","tags":[]}
[debug] [2023-07-29T19:20:00.123Z] Could not find image for function projects/pocket-garage-70e50/locations/us-central1/functions/getVehicleData
[debug] [2023-07-29T19:20:00.754Z] <<< [apiv2][status] DELETE https://artifactregistry.googleapis.com/v1beta2/projects/pocket-garage-70e50/locations/us-central1/repositories/gcf-artifacts/packages/get_vehicle_data 404
[debug] [2023-07-29T19:20:00.754Z] <<< [apiv2][body] DELETE https://artifactregistry.googleapis.com/v1beta2/projects/pocket-garage-70e50/locations/us-central1/repositories/gcf-artifacts/packages/get_vehicle_data {"error":{"code":404,"message":"Package \"projects/pocket-garage-70e50/locations/us-central1/repositories/gcf-artifacts/packages/get_vehicle_data\" was not found.","status":"NOT_FOUND"}}
[debug] [2023-07-29T19:20:00.755Z] Functions deploy failed.
[debug] [2023-07-29T19:20:00.755Z] {
  "endpoint": {
    "id": "getVehicleData",
    "project": "pocket-garage-70e50",
    "region": "us-central1",
    "entryPoint": "getVehicleData",
    "platform": "gcfv2",
    "runtime": "nodejs18",
    "callableTrigger": {},
    "labels": {
      "deployment-tool": "cli-firebase"
    },
    "serviceAccount": null,
    "ingressSettings": null,
    "availableMemoryMb": null,
    "timeoutSeconds": null,
    "maxInstances": null,
    "minInstances": null,
    "concurrency": 80,
    "vpc": null,
    "environmentVariables": {
      "DVLA_API": "7MS8WEBQdy1AlK6MYbslb8HUTZCnK8pR9FHNilBz",
      "DVSA_MOT_API_KEY": "xW9Zn11JOd1T2r68fd2dea8IZbj07UHXFVimqt8c",
      "FIREBASE_CONFIG": "{\"projectId\":\"pocket-garage-70e50\",\"storageBucket\":\"pocket-garage-70e50.appspot.com\"}",
      "GCLOUD_PROJECT": "pocket-garage-70e50",
      "EVENTARC_CLOUD_EVENT_SOURCE": "projects/pocket-garage-70e50/locations/us-central1/services/getVehicleData"
    },
    "codebase": "default",
    "cpu": 1,
    "targetedByOnly": false,
    "hash": "0b122dee07dc50aa0a0df98f13f9ed6d1f4d55dc"
  },
  "op": "create",
  "original": {
    "name": "FirebaseError",
    "children": [],
    "context": {
      "function": "projects/pocket-garage-70e50/locations/us-central1/functions/getVehicleData"
    },
    "exit": 1,
    "message": "Failed to create function projects/pocket-garage-70e50/locations/us-central1/functions/getVehicleData",
    "original": {
      "name": "FirebaseError",
      "children": [],
      "context": {
        "body": {
          "error": {
            "code": 400,
            "message": "Could not create Cloud Run service getvehicledata. spec.template.spec.containers.resources.limits.cpu: Invalid value specified for cpu. For the specified value, maxScale may not exceed 10.\nConsider running your workload in a region with greater capacity, decreasing your requested cpu-per-instance, or requesting an increase in quota for this region if you are seeing sustained usage near this limit, see https://cloud.google.com/run/quotas. Your project may gain access to further scaling by adding billing information to your account.",
            "status": "INVALID_ARGUMENT"
          }
        },
        "response": {
          "statusCode": 400
        }
      },
      "exit": 1,
      "message": "HTTP Error: 400, Could not create Cloud Run service getvehicledata. spec.template.spec.containers.resources.limits.cpu: Invalid value specified for cpu. For the specified value, maxScale may not exceed 10.\nConsider running your workload in a region with greater capacity, decreasing your requested cpu-per-instance, or requesting an increase in quota for this region if you are seeing sustained usage near this limit, see https://cloud.google.com/run/quotas. Your project may gain access to further scaling by adding billing information to your account.",
      "status": 400
    },
    "status": 400,
    "code": 400
  }
}
[debug] [2023-07-29T19:20:00.837Z] Error: Failed to create function getVehicleData in region us-central1
    at /Users/ruaridhbell/.nvm/versions/node/v20.3.1/lib/node_modules/firebase-tools/lib/deploy/functions/release/fabricator.js:288:27
    at process.processTicksAndRejections (node:internal/process/task_queues:95:5)
    at async Fabricator.createV2Function (/Users/ruaridhbell/.nvm/versions/node/v20.3.1/lib/node_modules/firebase-tools/lib/deploy/functions/release/fabricator.js:276:30)
    at async Fabricator.createEndpoint (/Users/ruaridhbell/.nvm/versions/node/v20.3.1/lib/node_modules/firebase-tools/lib/deploy/functions/release/fabricator.js:135:13)
    at async handle (/Users/ruaridhbell/.nvm/versions/node/v20.3.1/lib/node_modules/firebase-tools/lib/deploy/functions/release/fabricator.js:88:17)
[error] 
[error] Error: There was an error deploying functions
